# JRE version: OpenJDK Runtime Environment Corretto-17.0.3.6.1 (17.0.3+6) (build 17.0.3+6-LTS)
# Java VM: OpenJDK 64-Bit Server VM Corretto-17.0.3.6.1 (17.0.3+6-LTS, mixed mode, sharing, tiered, compressed oops, compressed class ptrs, g1 gc, linux-amd64)
GC Precious Log:
 CPUs: 12 total, 12 available
 Memory: 15852M
 Large Page Support: Disabled
 NUMA Support: Disabled
 Compressed Oops: Enabled (32-bit)
 Heap Region Size: 1M
 Heap Min Capacity: 256M
 Heap Initial Capacity: 256M
 Heap Max Capacity: 512M
 Pre-touch: Disabled
 Parallel Workers: 10
 Concurrent Workers: 3
 Concurrent Refinement Workers: 10
 Periodic GC: Disabled
Heap:
 garbage-first heap   total 262144K, used 67365K [0x00000000e0000000, 0x0000000100000000)
  region size 1024K, 22 young (22528K), 6 survivors (6144K)
 Metaspace       used 60888K, committed 61440K, reserved 270336K
  class space    used 8587K, committed 8832K, reserved 212992K
GC Heap History (12 events):
Event: 0.206 GC heap before
{Heap before GC invocations=0 (full 0):
 garbage-first heap   total 264192K, used 26592K [0x00000000e0000000, 0x0000000100000000)
  region size 1024K, 23 young (23552K), 0 survivors (0K)
 Metaspace       used 2994K, committed 3136K, reserved 221184K
  class space    used 387K, committed 448K, reserved 212992K
}
Event: 0.210 GC heap after
{Heap after GC invocations=1 (full 0):
 garbage-first heap   total 264192K, used 9931K [0x00000000e0000000, 0x0000000100000000)
  region size 1024K, 3 young (3072K), 3 survivors (3072K)
 Metaspace       used 2994K, committed 3136K, reserved 221184K
  class space    used 387K, committed 448K, reserved 212992K
}
Event: 0.367 GC heap before
{Heap before GC invocations=1 (full 0):
 garbage-first heap   total 264192K, used 42699K [0x00000000e0000000, 0x0000000100000000)
  region size 1024K, 34 young (34816K), 3 survivors (3072K)
 Metaspace       used 5648K, committed 5824K, reserved 221184K
  class space    used 765K, committed 832K, reserved 212992K
}
Event: 0.374 GC heap after
{Heap after GC invocations=2 (full 0):
 garbage-first heap   total 264192K, used 15533K [0x00000000e0000000, 0x0000000100000000)
  region size 1024K, 5 young (5120K), 5 survivors (5120K)
 Metaspace       used 5648K, committed 5824K, reserved 221184K
  class space    used 765K, committed 832K, reserved 212992K
}
Event: 1.071 GC heap before
{Heap before GC invocations=2 (full 0):
 garbage-first heap   total 264192K, used 104621K [0x00000000e0000000, 0x0000000100000000)
  region size 1024K, 93 young (95232K), 5 survivors (5120K)
 Metaspace       used 21225K, committed 21504K, reserved 237568K
  class space    used 3214K, committed 3328K, reserved 212992K
}
Event: 1.084 GC heap after
{Heap after GC invocations=3 (full 0):
 garbage-first heap   total 264192K, used 20879K [0x00000000e0000000, 0x0000000100000000)
  region size 1024K, 11 young (11264K), 11 survivors (11264K)
 Metaspace       used 21225K, committed 21504K, reserved 237568K
  class space    used 3214K, committed 3328K, reserved 212992K
}
Event: 1.821 GC heap before
{Heap before GC invocations=4 (full 0):
 garbage-first heap   total 262144K, used 123279K [0x00000000e0000000, 0x0000000100000000)
  region size 1024K, 113 young (115712K), 11 survivors (11264K)
 Metaspace       used 35632K, committed 35968K, reserved 245760K
  class space    used 5063K, committed 5248K, reserved 212992K
}
Event: 1.845 GC heap after
{Heap after GC invocations=5 (full 0):
 garbage-first heap   total 262144K, used 29815K [0x00000000e0000000, 0x0000000100000000)
  region size 1024K, 19 young (19456K), 19 survivors (19456K)
 Metaspace       used 35632K, committed 35968K, reserved 245760K
  class space    used 5063K, committed 5248K, reserved 212992K
}
Event: 2.740 GC heap before
{Heap before GC invocations=6 (full 0):
 garbage-first heap   total 262144K, used 176247K [0x00000000e0000000, 0x0000000100000000)
  region size 1024K, 153 young (156672K), 19 survivors (19456K)
 Metaspace       used 50455K, committed 51008K, reserved 262144K
  class space    used 7095K, committed 7360K, reserved 212992K
}
Event: 2.766 GC heap after
{Heap after GC invocations=7 (full 0):
 garbage-first heap   total 262144K, used 47105K [0x00000000e0000000, 0x0000000100000000)
  region size 1024K, 20 young (20480K), 20 survivors (20480K)
 Metaspace       used 50455K, committed 51008K, reserved 262144K
  class space    used 7095K, committed 7360K, reserved 212992K
}
Event: 3.339 GC heap before
{Heap before GC invocations=7 (full 0):
 garbage-first heap   total 262144K, used 126977K [0x00000000e0000000, 0x0000000100000000)
  region size 1024K, 99 young (101376K), 20 survivors (20480K)
 Metaspace       used 59553K, committed 60096K, reserved 270336K
  class space    used 8367K, committed 8640K, reserved 212992K
}
Event: 3.356 GC heap after
{Heap after GC invocations=8 (full 0):
 garbage-first heap   total 262144K, used 52005K [0x00000000e0000000, 0x0000000100000000)
  region size 1024K, 6 young (6144K), 6 survivors (6144K)
 Metaspace       used 59553K, committed 60096K, reserved 270336K
  class space    used 8367K, committed 8640K, reserved 212992K
}

